<?xml version="1.0" encoding="UTF-8"?>
<testng-results skipped="0" failed="0" ignored="0" total="1" passed="1">
  <reporter-output>
  </reporter-output>
  <suite name="Default suite" duration-ms="13099" started-at="2021-02-25T12:46:35 IST" finished-at="2021-02-25T12:46:48 IST">
    <groups>
    </groups>
    <test name="Default test" duration-ms="13099" started-at="2021-02-25T12:46:35 IST" finished-at="2021-02-25T12:46:48 IST">
      <class name="RestassuredAPI_Testing007.RestassuredAPI_Testing007.restassured">
        <test-method status="PASS" signature="Get_restassured()[pri:0, instance:RestassuredAPI_Testing007.RestassuredAPI_Testing007.restassured@394e1a0f]" name="Get_restassured" duration-ms="12893" started-at="2021-02-25T12:46:35 IST" finished-at="2021-02-25T12:46:48 IST">
          <reporter-output>
          </reporter-output>
        </test-method> <!-- Get_restassured -->
      </class> <!-- RestassuredAPI_Testing007.RestassuredAPI_Testing007.restassured -->
    </test> <!-- Default test -->
  </suite> <!-- Default suite -->
</testng-results>
