<?xml version="1.0" encoding="UTF-8"?>
<!-- Generated by org.testng.reporters.JUnitXMLReporter -->
<testsuite hostname="DESKTOP-OEDJJGO" ignored="3" name="includetest1" tests="1" failures="0" timestamp="2021-01-24T16:00:38 IST" time="0.017" errors="0">
  <testcase name="test3" time="0.012" classname="myfirstprgram.includetest"/>
  <testcase name="test1" time="0.0" classname="myfirstprgram.includetest">
    <ignored/>
  </testcase> <!-- test1 -->
  <testcase name="test2" time="0.0" classname="myfirstprgram.includetest">
    <ignored/>
  </testcase> <!-- test2 -->
  <testcase name="test4" time="0.0" classname="myfirstprgram.includetest">
    <ignored/>
  </testcase> <!-- test4 -->
</testsuite> <!-- includetest1 -->
